#
# A fatal error has been detected by the Java Runtime Environment:
#
#  SIGSEGV (0xb) at pc=0x00007f66b537993d, pid=6471, tid=6486
#
# JRE version: OpenJDK Runtime Environment (11.0.13+8) (build 11.0.13+8-Ubuntu-0ubuntu1.20.04)
# Java VM: OpenJDK 64-Bit Server VM (11.0.13+8-Ubuntu-0ubuntu1.20.04, mixed mode, sharing, tiered, compressed oops, g1 gc, linux-amd64)
# Problematic frame:
# V  [libjvm.so+0xd6c93d]
#
# Core dump will be written. Default location: Core dumps may be processed with "/usr/share/apport/apport %p %s %c %d %P %E" (or dumping to /home/mikael/eclipse-workspace/Udemy/core.6471)
#
# If you would like to submit a bug report, please visit:
#   https://bugs.launchpad.net/ubuntu/+source/openjdk-lts
#

---------------  S U M M A R Y ------------

Command Line: -agentlib:jdwp=transport=dt_socket,suspend=y,address=localhost:45913 -javaagent:/home/mikael/.eclipse/360744286_linux_gtk_x86_64/configuration/org.eclipse.osgi/222/0/.cp/lib/javaagent-shaded.jar -Dfile.encoding=UTF-8 curso_exercicios.Exercicio_a19

Host: Intel(R) Core(TM) i5-3330 CPU @ 3.00GHz, 4 cores, 7G, Ubuntu 20.04.3 LTS
Time: Tue Jan 11 14:21:14 2022 -03 elapsed time: 501.544835 seconds (0d 0h 8m 21s)

---------------  T H R E A D  ---------------

Current thread (0x00007f66b0175800):  VMThread "VM Thread" [stack: 0x00007f668c6c8000,0x00007f668c7c8000] [id=6486]

Stack: [0x00007f668c6c8000,0x00007f668c7c8000],  sp=0x00007f668c7c6000,  free space=1016k
Native frames: (J=compiled Java code, A=aot compiled Java code, j=interpreted, Vv=VM code, C=native code)
V  [libjvm.so+0xd6c93d]
V  [libjvm.so+0x7d5c0d]
V  [libjvm.so+0x7d9643]
V  [libjvm.so+0x7db124]
V  [libjvm.so+0x7db3f3]
V  [libjvm.so+0xbc8534]
V  [libjvm.so+0xbc922b]
V  [libjvm.so+0xbc973b]
V  [libjvm.so+0xb6b1de]
V  [libjvm.so+0x9f8fce]
V  [libjvm.so+0xe90330]
V  [libjvm.so+0xe96427]
V  [libjvm.so+0xe96a60]
V  [libjvm.so+0xe96dc6]
V  [libjvm.so+0xe21850]
V  [libjvm.so+0xbe0406]


siginfo: si_signo: 11 (SIGSEGV), si_code: 1 (SEGV_MAPERR), si_addr: 0x0000000000000006

Register to memory mapping:

RAX=0x00007f668c7c6040 points into unknown readable memory: 0x0000000000000000 | 00 00 00 00 00 00 00 00
RBX=0x00007f668c7c6050 points into unknown readable memory: 0x00007f66b5776a10 | 10 6a 77 b5 66 7f 00 00
RCX=0x00000000000000ca is an unknown value
RDX=0x0 is NULL
RSP=0x00007f668c7c6000 points into unknown readable memory: 0x00007f668c7c6730 | 30 67 7c 8c 66 7f 00 00
RBP=0x00007f668c7c6020 points into unknown readable memory: 0x00007f668c7c64c0 | c0 64 7c 8c 66 7f 00 00
RSI=0x0 is NULL
RDI=0x00007f668c7c6050 points into unknown readable memory: 0x00007f66b5776a10 | 10 6a 77 b5 66 7f 00 00
R8 =0x0000000000000088 is an unknown value
R9 =0x0 is NULL
R10=0x0 is NULL
R11=0x0000000000000007 is an unknown value
R12=0x0 is NULL
R13=0x0000000000000088 is an unknown value
R14=0x00007f668c7c6050 points into unknown readable memory: 0x00007f66b5776a10 | 10 6a 77 b5 66 7f 00 00
R15=0x0 is NULL


Registers:
RAX=0x00007f668c7c6040, RBX=0x00007f668c7c6050, RCX=0x00000000000000ca, RDX=0x0000000000000000
RSP=0x00007f668c7c6000, RBP=0x00007f668c7c6020, RSI=0x0000000000000000, RDI=0x00007f668c7c6050
R8 =0x0000000000000088, R9 =0x0000000000000000, R10=0x0000000000000000, R11=0x0000000000000007
R12=0x0000000000000000, R13=0x0000000000000088, R14=0x00007f668c7c6050, R15=0x0000000000000000
RIP=0x00007f66b537993d, EFLAGS=0x0000000000010202, CSGSFS=0x002b000000000033, ERR=0x0000000000000004
  TRAPNO=0x000000000000000e

Top of Stack: (sp=0x00007f668c7c6000)
0x00007f668c7c6000:   00007f668c7c6730 00000000000000b6
0x00007f668c7c6010:   0000000000000088 00007f668c7c6050
0x00007f668c7c6020:   00007f668c7c64c0 00007f66b4de2c0d
0x00007f668c7c6030:   00007f668c7c6660 00007f668c7c6040 

Instructions: (pc=0x00007f66b537993d)
0x00007f66b537983d:   eb e1 90 48 8b 03 48 89 df ff 50 10 83 43 14 01
0x00007f66b537984d:   eb d1 90 48 8b 03 48 89 df ff 50 38 83 43 14 02
0x00007f66b537985d:   eb c1 90 48 8b 03 48 89 df ff 50 30 83 43 14 01
0x00007f66b537986d:   eb b1 90 48 8b 03 48 89 df ff 50 28 83 43 14 01
0x00007f66b537987d:   eb a1 90 48 8b 03 48 89 df ff 50 08 83 43 14 01
0x00007f66b537988d:   eb 91 90 48 8b 03 48 89 df ff 50 20 83 43 14 01
0x00007f66b537989d:   eb 81 90 48 8b 03 48 89 df ff 10 83 43 14 01 e9
0x00007f66b53798ad:   6f ff ff ff 48 8d 05 08 bc 51 00 4c 89 ee 48 8b
0x00007f66b53798bd:   38 31 c0 e8 1b f9 e7 ff 48 8d 05 f4 bb 51 00 4c
0x00007f66b53798cd:   89 e2 48 8d 35 2d 3e 22 00 48 8b 38 31 c0 e8 00
0x00007f66b53798dd:   f9 e7 ff 48 8d 05 a1 82 4b 00 be cb 00 00 00 48
0x00007f66b53798ed:   8d 3d 2d 3e 22 00 48 8b 00 c6 00 58 e8 62 84 90
0x00007f66b53798fd:   ff e8 1d ba e6 ff e9 18 ff ff ff b9 01 00 00 00
0x00007f66b537990d:   b8 01 00 00 00 e9 a3 fe ff ff 90 0f 1f 84 00 00
0x00007f66b537991d:   00 00 00 f3 0f 1e fa 55 48 89 e5 41 56 41 55 41
0x00007f66b537992d:   54 53 4c 8b 67 08 48 89 fb c7 47 10 00 00 00 00
0x00007f66b537993d:   41 80 7c 24 06 28 0f 85 8f 01 00 00 b8 01 00 00
0x00007f66b537994d:   00 ba 01 00 00 00 89 53 10 41 0f b6 44 04 06 4d
0x00007f66b537995d:   8d 74 24 06 4c 8d 2d 44 3f 22 00 3c 29 74 7d 0f
0x00007f66b537996d:   1f 40 00 83 e8 42 3c 19 0f 87 a5 00 00 00 0f b6
0x00007f66b537997d:   c0 49 63 44 85 00 4c 01 e8 3e ff e0 0f 1f 80 00
0x00007f66b537998d:   00 00 00 83 c2 01 89 53 10 48 63 ca 49 8d 04 0e
0x00007f66b537999d:   0f b6 00 3c 29 75 cc 48 8b 43 08 80 7c 08 06 29
0x00007f66b53799ad:   74 3a ba 35 00 00 00 48 8d 05 cd 81 4b 00 41 b8
0x00007f66b53799bd:   29 00 00 00 48 8d 0d fd 3c 22 00 48 8d 35 51 3d
0x00007f66b53799cd:   22 00 bf 00 00 00 e0 48 8b 00 c6 00 58 31 c0 e8
0x00007f66b53799dd:   1f 81 90 ff e8 3a b9 e6 ff 8b 53 10 8d 42 01 c7
0x00007f66b53799ed:   43 14 ff ff ff ff 48 89 df 89 43 10 e8 22 f3 ff
0x00007f66b53799fd:   ff 48 8b 43 08 0f b7 00 39 43 10 0f 8c 1a 01 00
0x00007f66b5379a0d:   00 c7 43 14 00 00 00 00 5b 41 5c 41 5d 41 5e 5d
0x00007f66b5379a1d:   c3 66 90 48 8d 05 61 81 4b 00 be fe 00 00 00 48
0x00007f66b5379a2d:   8d 3d ed 3c 22 00 48 8b 00 c6 00 58 e8 22 83 90 


Stack slot to memory mapping:
stack at sp + 0 slots: 0x00007f668c7c6730 points into unknown readable memory: 0x00007f66b577a480 | 80 a4 77 b5 66 7f 00 00
stack at sp + 1 slots: 0x00000000000000b6 is an unknown value
stack at sp + 2 slots: 0x0000000000000088 is an unknown value
stack at sp + 3 slots: 0x00007f668c7c6050 points into unknown readable memory: 0x00007f66b5776a10 | 10 6a 77 b5 66 7f 00 00
stack at sp + 4 slots: 0x00007f668c7c64c0 points into unknown readable memory: 0x00007f668c7c6570 | 70 65 7c 8c 66 7f 00 00
stack at sp + 5 slots: 0x00007f66b4de2c0d: <offset 0x00000000007d5c0d> in /usr/lib/jvm/java-11-openjdk-amd64/lib/server/libjvm.so at 0x00007f66b460d000
stack at sp + 6 slots: 0x00007f668c7c6660 points into unknown readable memory: 0x00007f668c7c66c0 | c0 66 7c 8c 66 7f 00 00
stack at sp + 7 slots: 0x00007f668c7c6040 points into unknown readable memory: 0x0000000000000000 | 00 00 00 00 00 00 00 00

VM_Operation (0x00007f666f01e950): GetOrSetLocal, mode: safepoint, requested by thread 0x00007f66b01fa800


---------------  P R O C E S S  ---------------

Threads class SMR info:
_java_thread_list=0x00007f6644000b60, length=12, elements={
0x00007f66b0018000, 0x00007f66b0178800, 0x00007f66b017a800, 0x00007f66b0180000,
0x00007f66b0182000, 0x00007f66b0184000, 0x00007f66b0186000, 0x00007f66b0188000,
0x00007f66b01ae000, 0x00007f66b01fa800, 0x00007f66b01ff000, 0x00007f6654001800
}

Java Threads: ( => current thread )
  0x00007f66b0018000 JavaThread "main" [_thread_blocked, id=6473, stack(0x00007f66b41c0000,0x00007f66b42c1000)]
  0x00007f66b0178800 JavaThread "Reference Handler" daemon [_thread_blocked, id=6487, stack(0x00007f668c5c5000,0x00007f668c6c6000)]
  0x00007f66b017a800 JavaThread "Finalizer" daemon [_thread_blocked, id=6488, stack(0x00007f668c4c4000,0x00007f668c5c5000)]
  0x00007f66b0180000 JavaThread "Signal Dispatcher" daemon [_thread_blocked, id=6489, stack(0x00007f668c3c3000,0x00007f668c4c4000)]
  0x00007f66b0182000 JavaThread "Service Thread" daemon [_thread_blocked, id=6490, stack(0x00007f668c2c2000,0x00007f668c3c3000)]
  0x00007f66b0184000 JavaThread "C2 CompilerThread0" daemon [_thread_blocked, id=6491, stack(0x00007f668c1c1000,0x00007f668c2c2000)]
  0x00007f66b0186000 JavaThread "C1 CompilerThread0" daemon [_thread_blocked, id=6492, stack(0x00007f668c0c0000,0x00007f668c1c1000)]
  0x00007f66b0188000 JavaThread "Sweeper thread" daemon [_thread_blocked, id=6493, stack(0x00007f666f121000,0x00007f666f222000)]
  0x00007f66b01ae000 JavaThread "Common-Cleaner" daemon [_thread_blocked, id=6494, stack(0x00007f666f020000,0x00007f666f121000)]
  0x00007f66b01fa800 JavaThread "JDWP Transport Listener: dt_socket" daemon [_thread_blocked, id=6496, stack(0x00007f666ef1f000,0x00007f666f020000)] _threads_hazard_ptr=0x00007f6644000b60
  0x00007f66b01ff000 JavaThread "JDWP Event Helper Thread" daemon [_thread_blocked, id=6497, stack(0x00007f666ee1e000,0x00007f666ef1f000)]
  0x00007f6654001800 JavaThread "JDWP Command Reader" daemon [_thread_in_native, id=6498, stack(0x00007f666ed1d000,0x00007f666ee1e000)]

Other Threads:
=>0x00007f66b0175800 VMThread "VM Thread" [stack: 0x00007f668c6c8000,0x00007f668c7c8000] [id=6486]
  0x00007f66b0290000 WatcherThread [stack: 0x00007f666ec1d000,0x00007f666ed1d000] [id=6502]
  0x00007f66b002f800 GCTaskThread "GC Thread#0" [stack: 0x00007f6698668000,0x00007f6698768000] [id=6481]
  0x00007f66b0061000 ConcurrentGCThread "G1 Main Marker" [stack: 0x00007f6698120000,0x00007f6698220000] [id=6482]
  0x00007f66b0063000 ConcurrentGCThread "G1 Conc#0" [stack: 0x00007f669801e000,0x00007f669811e000] [id=6483]
  0x00007f66b00db000 ConcurrentGCThread "G1 Refine#0" [stack: 0x00007f668d1a8000,0x00007f668d2a8000] [id=6484]
  0x00007f66b00dd000 ConcurrentGCThread "G1 Young RemSet Sampling" [stack: 0x00007f668d0a6000,0x00007f668d1a6000] [id=6485]

Threads with active compile tasks:

VM state:at safepoint (normal execution)

VM Mutex/Monitor currently owned by a thread:  ([mutex/lock_event])
[0x00007f66b0014880] Threads_lock - owner thread: 0x00007f66b0175800

Heap address: 0x0000000084800000, size: 1976 MB, Compressed Oops mode: 32-bit
Narrow klass base: 0x0000000800000000, Narrow klass shift: 3
Compressed class space size: 1073741824 Address: 0x0000000840000000

Heap:
 garbage-first heap   total 129024K, used 5832K [0x0000000084800000, 0x0000000100000000)
  region size 1024K, 6 young (6144K), 0 survivors (0K)
 Metaspace       used 3045K, capacity 5025K, committed 5120K, reserved 1056768K
  class space    used 280K, capacity 459K, committed 512K, reserved 1048576K
Heap Regions: E=young(eden), S=young(survivor), O=old, HS=humongous(starts), HC=humongous(continues), CS=collection set, F=free, A=archive, TAMS=top-at-mark-start (previous, next)
|   0|0x0000000084800000, 0x0000000084800000, 0x0000000084900000|  0%| F|  |TAMS 0x0000000084800000, 0x0000000084800000| Untracked 
|   1|0x0000000084900000, 0x0000000084900000, 0x0000000084a00000|  0%| F|  |TAMS 0x0000000084900000, 0x0000000084900000| Untracked 
|   2|0x0000000084a00000, 0x0000000084a00000, 0x0000000084b00000|  0%| F|  |TAMS 0x0000000084a00000, 0x0000000084a00000| Untracked 
|   3|0x0000000084b00000, 0x0000000084b00000, 0x0000000084c00000|  0%| F|  |TAMS 0x0000000084b00000, 0x0000000084b00000| Untracked 
|   4|0x0000000084c00000, 0x0000000084c00000, 0x0000000084d00000|  0%| F|  |TAMS 0x0000000084c00000, 0x0000000084c00000| Untracked 
|   5|0x0000000084d00000, 0x0000000084d00000, 0x0000000084e00000|  0%| F|  |TAMS 0x0000000084d00000, 0x0000000084d00000| Untracked 
|   6|0x0000000084e00000, 0x0000000084e00000, 0x0000000084f00000|  0%| F|  |TAMS 0x0000000084e00000, 0x0000000084e00000| Untracked 
|   7|0x0000000084f00000, 0x0000000084f00000, 0x0000000085000000|  0%| F|  |TAMS 0x0000000084f00000, 0x0000000084f00000| Untracked 
|   8|0x0000000085000000, 0x0000000085000000, 0x0000000085100000|  0%| F|  |TAMS 0x0000000085000000, 0x0000000085000000| Untracked 
|   9|0x0000000085100000, 0x0000000085100000, 0x0000000085200000|  0%| F|  |TAMS 0x0000000085100000, 0x0000000085100000| Untracked 
|  10|0x0000000085200000, 0x0000000085200000, 0x0000000085300000|  0%| F|  |TAMS 0x0000000085200000, 0x0000000085200000| Untracked 
|  11|0x0000000085300000, 0x0000000085300000, 0x0000000085400000|  0%| F|  |TAMS 0x0000000085300000, 0x0000000085300000| Untracked 
|  12|0x0000000085400000, 0x0000000085400000, 0x0000000085500000|  0%| F|  |TAMS 0x0000000085400000, 0x0000000085400000| Untracked 
|  13|0x0000000085500000, 0x0000000085500000, 0x0000000085600000|  0%| F|  |TAMS 0x0000000085500000, 0x0000000085500000| Untracked 
|  14|0x0000000085600000, 0x0000000085600000, 0x0000000085700000|  0%| F|  |TAMS 0x0000000085600000, 0x0000000085600000| Untracked 
|  15|0x0000000085700000, 0x0000000085700000, 0x0000000085800000|  0%| F|  |TAMS 0x0000000085700000, 0x0000000085700000| Untracked 
|  16|0x0000000085800000, 0x0000000085800000, 0x0000000085900000|  0%| F|  |TAMS 0x0000000085800000, 0x0000000085800000| Untracked 
|  17|0x0000000085900000, 0x0000000085900000, 0x0000000085a00000|  0%| F|  |TAMS 0x0000000085900000, 0x0000000085900000| Untracked 
|  18|0x0000000085a00000, 0x0000000085a00000, 0x0000000085b00000|  0%| F|  |TAMS 0x0000000085a00000, 0x0000000085a00000| Untracked 
|  19|0x0000000085b00000, 0x0000000085b00000, 0x0000000085c00000|  0%| F|  |TAMS 0x0000000085b00000, 0x0000000085b00000| Untracked 
|  20|0x0000000085c00000, 0x0000000085c00000, 0x0000000085d00000|  0%| F|  |TAMS 0x0000000085c00000, 0x0000000085c00000| Untracked 
|  21|0x0000000085d00000, 0x0000000085d00000, 0x0000000085e00000|  0%| F|  |TAMS 0x0000000085d00000, 0x0000000085d00000| Untracked 
|  22|0x0000000085e00000, 0x0000000085e00000, 0x0000000085f00000|  0%| F|  |TAMS 0x0000000085e00000, 0x0000000085e00000| Untracked 
|  23|0x0000000085f00000, 0x0000000085f00000, 0x0000000086000000|  0%| F|  |TAMS 0x0000000085f00000, 0x0000000085f00000| Untracked 
|  24|0x0000000086000000, 0x0000000086000000, 0x0000000086100000|  0%| F|  |TAMS 0x0000000086000000, 0x0000000086000000| Untracked 
|  25|0x0000000086100000, 0x0000000086100000, 0x0000000086200000|  0%| F|  |TAMS 0x0000000086100000, 0x0000000086100000| Untracked 
|  26|0x0000000086200000, 0x0000000086200000, 0x0000000086300000|  0%| F|  |TAMS 0x0000000086200000, 0x0000000086200000| Untracked 
|  27|0x0000000086300000, 0x0000000086300000, 0x0000000086400000|  0%| F|  |TAMS 0x0000000086300000, 0x0000000086300000| Untracked 
|  28|0x0000000086400000, 0x0000000086400000, 0x0000000086500000|  0%| F|  |TAMS 0x0000000086400000, 0x0000000086400000| Untracked 
|  29|0x0000000086500000, 0x0000000086500000, 0x0000000086600000|  0%| F|  |TAMS 0x0000000086500000, 0x0000000086500000| Untracked 
|  30|0x0000000086600000, 0x0000000086600000, 0x0000000086700000|  0%| F|  |TAMS 0x0000000086600000, 0x0000000086600000| Untracked 
|  31|0x0000000086700000, 0x0000000086700000, 0x0000000086800000|  0%| F|  |TAMS 0x0000000086700000, 0x0000000086700000| Untracked 
|  32|0x0000000086800000, 0x0000000086800000, 0x0000000086900000|  0%| F|  |TAMS 0x0000000086800000, 0x0000000086800000| Untracked 
|  33|0x0000000086900000, 0x0000000086900000, 0x0000000086a00000|  0%| F|  |TAMS 0x0000000086900000, 0x0000000086900000| Untracked 
|  34|0x0000000086a00000, 0x0000000086a00000, 0x0000000086b00000|  0%| F|  |TAMS 0x0000000086a00000, 0x0000000086a00000| Untracked 
|  35|0x0000000086b00000, 0x0000000086b00000, 0x0000000086c00000|  0%| F|  |TAMS 0x0000000086b00000, 0x0000000086b00000| Untracked 
|  36|0x0000000086c00000, 0x0000000086c00000, 0x0000000086d00000|  0%| F|  |TAMS 0x0000000086c00000, 0x0000000086c00000| Untracked 
|  37|0x0000000086d00000, 0x0000000086d00000, 0x0000000086e00000|  0%| F|  |TAMS 0x0000000086d00000, 0x0000000086d00000| Untracked 
|  38|0x0000000086e00000, 0x0000000086e00000, 0x0000000086f00000|  0%| F|  |TAMS 0x0000000086e00000, 0x0000000086e00000| Untracked 
|  39|0x0000000086f00000, 0x0000000086f00000, 0x0000000087000000|  0%| F|  |TAMS 0x0000000086f00000, 0x0000000086f00000| Untracked 
|  40|0x0000000087000000, 0x0000000087000000, 0x0000000087100000|  0%| F|  |TAMS 0x0000000087000000, 0x0000000087000000| Untracked 
|  41|0x0000000087100000, 0x0000000087100000, 0x0000000087200000|  0%| F|  |TAMS 0x0000000087100000, 0x0000000087100000| Untracked 
|  42|0x0000000087200000, 0x0000000087200000, 0x0000000087300000|  0%| F|  |TAMS 0x0000000087200000, 0x0000000087200000| Untracked 
|  43|0x0000000087300000, 0x0000000087300000, 0x0000000087400000|  0%| F|  |TAMS 0x0000000087300000, 0x0000000087300000| Untracked 
|  44|0x0000000087400000, 0x0000000087400000, 0x0000000087500000|  0%| F|  |TAMS 0x0000000087400000, 0x0000000087400000| Untracked 
|  45|0x0000000087500000, 0x0000000087500000, 0x0000000087600000|  0%| F|  |TAMS 0x0000000087500000, 0x0000000087500000| Untracked 
|  46|0x0000000087600000, 0x0000000087600000, 0x0000000087700000|  0%| F|  |TAMS 0x0000000087600000, 0x0000000087600000| Untracked 
|  47|0x0000000087700000, 0x0000000087700000, 0x0000000087800000|  0%| F|  |TAMS 0x0000000087700000, 0x0000000087700000| Untracked 
|  48|0x0000000087800000, 0x0000000087800000, 0x0000000087900000|  0%| F|  |TAMS 0x0000000087800000, 0x0000000087800000| Untracked 
|  49|0x0000000087900000, 0x0000000087900000, 0x0000000087a00000|  0%| F|  |TAMS 0x0000000087900000, 0x0000000087900000| Untracked 
|  50|0x0000000087a00000, 0x0000000087a00000, 0x0000000087b00000|  0%| F|  |TAMS 0x0000000087a00000, 0x0000000087a00000| Untracked 
|  51|0x0000000087b00000, 0x0000000087b00000, 0x0000000087c00000|  0%| F|  |TAMS 0x0000000087b00000, 0x0000000087b00000| Untracked 
|  52|0x0000000087c00000, 0x0000000087c00000, 0x0000000087d00000|  0%| F|  |TAMS 0x0000000087c00000, 0x0000000087c00000| Untracked 
|  53|0x0000000087d00000, 0x0000000087d00000, 0x0000000087e00000|  0%| F|  |TAMS 0x0000000087d00000, 0x0000000087d00000| Untracked 
|  54|0x0000000087e00000, 0x0000000087e00000, 0x0000000087f00000|  0%| F|  |TAMS 0x0000000087e00000, 0x0000000087e00000| Untracked 
|  55|0x0000000087f00000, 0x0000000087f00000, 0x0000000088000000|  0%| F|  |TAMS 0x0000000087f00000, 0x0000000087f00000| Untracked 
|  56|0x0000000088000000, 0x0000000088000000, 0x0000000088100000|  0%| F|  |TAMS 0x0000000088000000, 0x0000000088000000| Untracked 
|  57|0x0000000088100000, 0x0000000088100000, 0x0000000088200000|  0%| F|  |TAMS 0x0000000088100000, 0x0000000088100000| Untracked 
|  58|0x0000000088200000, 0x0000000088200000, 0x0000000088300000|  0%| F|  |TAMS 0x0000000088200000, 0x0000000088200000| Untracked 
|  59|0x0000000088300000, 0x0000000088300000, 0x0000000088400000|  0%| F|  |TAMS 0x0000000088300000, 0x0000000088300000| Untracked 
|  60|0x0000000088400000, 0x0000000088400000, 0x0000000088500000|  0%| F|  |TAMS 0x0000000088400000, 0x0000000088400000| Untracked 
|  61|0x0000000088500000, 0x0000000088500000, 0x0000000088600000|  0%| F|  |TAMS 0x0000000088500000, 0x0000000088500000| Untracked 
|  62|0x0000000088600000, 0x0000000088600000, 0x0000000088700000|  0%| F|  |TAMS 0x0000000088600000, 0x0000000088600000| Untracked 
|  63|0x0000000088700000, 0x0000000088700000, 0x0000000088800000|  0%| F|  |TAMS 0x0000000088700000, 0x0000000088700000| Untracked 
|  64|0x0000000088800000, 0x0000000088800000, 0x0000000088900000|  0%| F|  |TAMS 0x0000000088800000, 0x0000000088800000| Untracked 
|  65|0x0000000088900000, 0x0000000088900000, 0x0000000088a00000|  0%| F|  |TAMS 0x0000000088900000, 0x0000000088900000| Untracked 
|  66|0x0000000088a00000, 0x0000000088a00000, 0x0000000088b00000|  0%| F|  |TAMS 0x0000000088a00000, 0x0000000088a00000| Untracked 
|  67|0x0000000088b00000, 0x0000000088b00000, 0x0000000088c00000|  0%| F|  |TAMS 0x0000000088b00000, 0x0000000088b00000| Untracked 
|  68|0x0000000088c00000, 0x0000000088c00000, 0x0000000088d00000|  0%| F|  |TAMS 0x0000000088c00000, 0x0000000088c00000| Untracked 
|  69|0x0000000088d00000, 0x0000000088d00000, 0x0000000088e00000|  0%| F|  |TAMS 0x0000000088d00000, 0x0000000088d00000| Untracked 
|  70|0x0000000088e00000, 0x0000000088e00000, 0x0000000088f00000|  0%| F|  |TAMS 0x0000000088e00000, 0x0000000088e00000| Untracked 
|  71|0x0000000088f00000, 0x0000000088f00000, 0x0000000089000000|  0%| F|  |TAMS 0x0000000088f00000, 0x0000000088f00000| Untracked 
|  72|0x0000000089000000, 0x0000000089000000, 0x0000000089100000|  0%| F|  |TAMS 0x0000000089000000, 0x0000000089000000| Untracked 
|  73|0x0000000089100000, 0x0000000089100000, 0x0000000089200000|  0%| F|  |TAMS 0x0000000089100000, 0x0000000089100000| Untracked 
|  74|0x0000000089200000, 0x0000000089200000, 0x0000000089300000|  0%| F|  |TAMS 0x0000000089200000, 0x0000000089200000| Untracked 
|  75|0x0000000089300000, 0x0000000089300000, 0x0000000089400000|  0%| F|  |TAMS 0x0000000089300000, 0x0000000089300000| Untracked 
|  76|0x0000000089400000, 0x0000000089400000, 0x0000000089500000|  0%| F|  |TAMS 0x0000000089400000, 0x0000000089400000| Untracked 
|  77|0x0000000089500000, 0x0000000089500000, 0x0000000089600000|  0%| F|  |TAMS 0x0000000089500000, 0x0000000089500000| Untracked 
|  78|0x0000000089600000, 0x0000000089600000, 0x0000000089700000|  0%| F|  |TAMS 0x0000000089600000, 0x0000000089600000| Untracked 
|  79|0x0000000089700000, 0x0000000089700000, 0x0000000089800000|  0%| F|  |TAMS 0x0000000089700000, 0x0000000089700000| Untracked 
|  80|0x0000000089800000, 0x0000000089800000, 0x0000000089900000|  0%| F|  |TAMS 0x0000000089800000, 0x0000000089800000| Untracked 
|  81|0x0000000089900000, 0x0000000089900000, 0x0000000089a00000|  0%| F|  |TAMS 0x0000000089900000, 0x0000000089900000| Untracked 
|  82|0x0000000089a00000, 0x0000000089a00000, 0x0000000089b00000|  0%| F|  |TAMS 0x0000000089a00000, 0x0000000089a00000| Untracked 
|  83|0x0000000089b00000, 0x0000000089b00000, 0x0000000089c00000|  0%| F|  |TAMS 0x0000000089b00000, 0x0000000089b00000| Untracked 
|  84|0x0000000089c00000, 0x0000000089c00000, 0x0000000089d00000|  0%| F|  |TAMS 0x0000000089c00000, 0x0000000089c00000| Untracked 
|  85|0x0000000089d00000, 0x0000000089d00000, 0x0000000089e00000|  0%| F|  |TAMS 0x0000000089d00000, 0x0000000089d00000| Untracked 
|  86|0x0000000089e00000, 0x0000000089e00000, 0x0000000089f00000|  0%| F|  |TAMS 0x0000000089e00000, 0x0000000089e00000| Untracked 
|  87|0x0000000089f00000, 0x0000000089f00000, 0x000000008a000000|  0%| F|  |TAMS 0x0000000089f00000, 0x0000000089f00000| Untracked 
|  88|0x000000008a000000, 0x000000008a000000, 0x000000008a100000|  0%| F|  |TAMS 0x000000008a000000, 0x000000008a000000| Untracked 
|  89|0x000000008a100000, 0x000000008a100000, 0x000000008a200000|  0%| F|  |TAMS 0x000000008a100000, 0x000000008a100000| Untracked 
|  90|0x000000008a200000, 0x000000008a200000, 0x000000008a300000|  0%| F|  |TAMS 0x000000008a200000, 0x000000008a200000| Untracked 
|  91|0x000000008a300000, 0x000000008a300000, 0x000000008a400000|  0%| F|  |TAMS 0x000000008a300000, 0x000000008a300000| Untracked 
|  92|0x000000008a400000, 0x000000008a400000, 0x000000008a500000|  0%| F|  |TAMS 0x000000008a400000, 0x000000008a400000| Untracked 
|  93|0x000000008a500000, 0x000000008a500000, 0x000000008a600000|  0%| F|  |TAMS 0x000000008a500000, 0x000000008a500000| Untracked 
|  94|0x000000008a600000, 0x000000008a600000, 0x000000008a700000|  0%| F|  |TAMS 0x000000008a600000, 0x000000008a600000| Untracked 
|  95|0x000000008a700000, 0x000000008a700000, 0x000000008a800000|  0%| F|  |TAMS 0x000000008a700000, 0x000000008a700000| Untracked 
|  96|0x000000008a800000, 0x000000008a800000, 0x000000008a900000|  0%| F|  |TAMS 0x000000008a800000, 0x000000008a800000| Untracked 
|  97|0x000000008a900000, 0x000000008a900000, 0x000000008aa00000|  0%| F|  |TAMS 0x000000008a900000, 0x000000008a900000| Untracked 
|  98|0x000000008aa00000, 0x000000008aa00000, 0x000000008ab00000|  0%| F|  |TAMS 0x000000008aa00000, 0x000000008aa00000| Untracked 
|  99|0x000000008ab00000, 0x000000008ab00000, 0x000000008ac00000|  0%| F|  |TAMS 0x000000008ab00000, 0x000000008ab00000| Untracked 
| 100|0x000000008ac00000, 0x000000008ac00000, 0x000000008ad00000|  0%| F|  |TAMS 0x000000008ac00000, 0x000000008ac00000| Untracked 
| 101|0x000000008ad00000, 0x000000008ad00000, 0x000000008ae00000|  0%| F|  |TAMS 0x000000008ad00000, 0x000000008ad00000| Untracked 
| 102|0x000000008ae00000, 0x000000008ae00000, 0x000000008af00000|  0%| F|  |TAMS 0x000000008ae00000, 0x000000008ae00000| Untracked 
| 103|0x000000008af00000, 0x000000008af00000, 0x000000008b000000|  0%| F|  |TAMS 0x000000008af00000, 0x000000008af00000| Untracked 
| 104|0x000000008b000000, 0x000000008b000000, 0x000000008b100000|  0%| F|  |TAMS 0x000000008b000000, 0x000000008b000000| Untracked 
| 105|0x000000008b100000, 0x000000008b100000, 0x000000008b200000|  0%| F|  |TAMS 0x000000008b100000, 0x000000008b100000| Untracked 
| 106|0x000000008b200000, 0x000000008b200000, 0x000000008b300000|  0%| F|  |TAMS 0x000000008b200000, 0x000000008b200000| Untracked 
| 107|0x000000008b300000, 0x000000008b300000, 0x000000008b400000|  0%| F|  |TAMS 0x000000008b300000, 0x000000008b300000| Untracked 
| 108|0x000000008b400000, 0x000000008b400000, 0x000000008b500000|  0%| F|  |TAMS 0x000000008b400000, 0x000000008b400000| Untracked 
| 109|0x000000008b500000, 0x000000008b500000, 0x000000008b600000|  0%| F|  |TAMS 0x000000008b500000, 0x000000008b500000| Untracked 
| 110|0x000000008b600000, 0x000000008b600000, 0x000000008b700000|  0%| F|  |TAMS 0x000000008b600000, 0x000000008b600000| Untracked 
| 111|0x000000008b700000, 0x000000008b700000, 0x000000008b800000|  0%| F|  |TAMS 0x000000008b700000, 0x000000008b700000| Untracked 
| 112|0x000000008b800000, 0x000000008b800000, 0x000000008b900000|  0%| F|  |TAMS 0x000000008b800000, 0x000000008b800000| Untracked 
| 113|0x000000008b900000, 0x000000008b900000, 0x000000008ba00000|  0%| F|  |TAMS 0x000000008b900000, 0x000000008b900000| Untracked 
| 114|0x000000008ba00000, 0x000000008ba00000, 0x000000008bb00000|  0%| F|  |TAMS 0x000000008ba00000, 0x000000008ba00000| Untracked 
| 115|0x000000008bb00000, 0x000000008bb00000, 0x000000008bc00000|  0%| F|  |TAMS 0x000000008bb00000, 0x000000008bb00000| Untracked 
| 116|0x000000008bc00000, 0x000000008bc00000, 0x000000008bd00000|  0%| F|  |TAMS 0x000000008bc00000, 0x000000008bc00000| Untracked 
| 117|0x000000008bd00000, 0x000000008bd00000, 0x000000008be00000|  0%| F|  |TAMS 0x000000008bd00000, 0x000000008bd00000| Untracked 
| 118|0x000000008be00000, 0x000000008be526a8, 0x000000008bf00000| 32%| E|  |TAMS 0x000000008be00000, 0x000000008be00000| Complete 
| 119|0x000000008bf00000, 0x000000008c000000, 0x000000008c000000|100%| E|CS|TAMS 0x000000008bf00000, 0x000000008bf00000| Complete 
| 120|0x000000008c000000, 0x000000008c100000, 0x000000008c100000|100%| E|CS|TAMS 0x000000008c000000, 0x000000008c000000| Complete 
| 121|0x000000008c100000, 0x000000008c200000, 0x000000008c200000|100%| E|CS|TAMS 0x000000008c100000, 0x000000008c100000| Complete 
| 122|0x000000008c200000, 0x000000008c300000, 0x000000008c300000|100%| E|CS|TAMS 0x000000008c200000, 0x000000008c200000| Complete 
| 123|0x000000008c300000, 0x000000008c400000, 0x000000008c400000|100%| E|CS|TAMS 0x000000008c300000, 0x000000008c300000| Complete 
|1974|0x00000000ffe00000, 0x00000000ffe47000, 0x00000000fff00000| 27%|OA|  |TAMS 0x00000000ffe00000, 0x00000000ffe00000| Untracked 
|1975|0x00000000fff00000, 0x00000000fff6b000, 0x0000000100000000| 41%|CA|  |TAMS 0x00000000fff00000, 0x00000000fff00000| Untracked 

Card table byte_map: [0x00007f6693848000,0x00007f6693c24000] _byte_map_base: 0x00007f6693424000

Marking Bits (Prev, Next): (CMBitMap*) 0x00007f66b0058708, (CMBitMap*) 0x00007f66b0058740
 Prev Bits: [0x00007f669158c000, 0x00007f669346c000)
 Next Bits: [0x00007f668f6ac000, 0x00007f669158c000)

Polling page: 0x00007f66b5af9000

Metaspace:

Usage:
  Non-class:      4,46 MB capacity,     2,70 MB ( 61%) used,     1,75 MB ( 39%) free+waste,     4,69 KB ( <1%) overhead. 
      Class:    459,00 KB capacity,   280,76 KB ( 61%) used,   175,74 KB ( 38%) free+waste,     2,50 KB ( <1%) overhead. 
       Both:      4,91 MB capacity,     2,97 MB ( 61%) used,     1,93 MB ( 39%) free+waste,     7,19 KB ( <1%) overhead. 

Virtual space:
  Non-class space:        8,00 MB reserved,       4,50 MB ( 56%) committed 
      Class space:        1,00 GB reserved,     512,00 KB ( <1%) committed 
             Both:        1,01 GB reserved,       5,00 MB ( <1%) committed 

Chunk freelists:
   Non-Class:  26,00 KB
       Class:  0 bytes
        Both:  26,00 KB

MaxMetaspaceSize: unlimited
CompressedClassSpaceSize: 1,00 GB
Initial GC threshold: 20,80 MB
Current GC threshold: 20,80 MB
CDS: on

CodeHeap 'non-profiled nmethods': size=120032Kb used=140Kb max_used=140Kb free=119891Kb
 bounds [0x00007f66a031b000, 0x00007f66a058b000, 0x00007f66a7853000]
CodeHeap 'profiled nmethods': size=120032Kb used=614Kb max_used=614Kb free=119417Kb
 bounds [0x00007f6698de3000, 0x00007f6699053000, 0x00007f66a031b000]
CodeHeap 'non-nmethods': size=5696Kb used=1175Kb max_used=1190Kb free=4520Kb
 bounds [0x00007f6698853000, 0x00007f6698ac3000, 0x00007f6698de3000]
 total_blobs=812 nmethods=449 adapters=285
 compilation: enabled
              stopped_count=0, restarted_count=0
 full_count=0

Compilation events (20 events):
Event: 69,470 Thread 0x00007f66b0186000  439       3       org.eclipse.jdt.launching.internal.org.objectweb.asm.ByteVector::put11 (52 bytes)
Event: 69,470 Thread 0x00007f66b0186000 nmethod 439 0x00007f6698e78610 code [0x00007f6698e787e0, 0x00007f6698e78a00]
Event: 69,470 Thread 0x00007f66b0186000  438       1       java.lang.Integer::intValue (5 bytes)
Event: 69,470 Thread 0x00007f66b0186000 nmethod 438 0x00007f66a033d910 code [0x00007f66a033dac0, 0x00007f66a033db90]
Event: 139,582 Thread 0x00007f66b0184000  442       4       java.lang.String::charAt (25 bytes)
Event: 139,582 Thread 0x00007f66b0186000  443       3       org.eclipse.jdt.launching.internal.org.objectweb.asm.ClassReader::readClass (7 bytes)
Event: 139,584 Thread 0x00007f66b0184000 nmethod 442 0x00007f66a033dc10 code [0x00007f66a033ddc0, 0x00007f66a033df28]
Event: 139,584 Thread 0x00007f66b0186000 nmethod 443 0x00007f6698e78b90 code [0x00007f6698e78d80, 0x00007f6698e79220]
Event: 139,584 Thread 0x00007f66b0186000  445       3       org.eclipse.jdt.launching.internal.org.objectweb.asm.SymbolTable::addConstantUtf8 (98 bytes)
Event: 139,585 Thread 0x00007f66b0186000 nmethod 445 0x00007f6698e79490 code [0x00007f6698e796e0, 0x00007f6698e79d70]
Event: 139,585 Thread 0x00007f66b0186000  444       3       org.eclipse.jdt.launching.internal.org.objectweb.asm.ClassReader::readStringish (16 bytes)
Event: 139,585 Thread 0x00007f66b0186000 nmethod 444 0x00007f6698e7a110 code [0x00007f6698e7a300, 0x00007f6698e7a740]
Event: 247,291 Thread 0x00007f66b0186000  446       3       org.eclipse.jdt.launching.internal.org.objectweb.asm.ByteVector::put12 (64 bytes)
Event: 247,293 Thread 0x00007f66b0186000 nmethod 446 0x00007f6698e7a990 code [0x00007f6698e7ab60, 0x00007f6698e7ada0]
Event: 300,629 Thread 0x00007f66b0186000  447       3       org.eclipse.jdt.launching.internal.org.objectweb.asm.ClassReader::createDebugLabel (23 bytes)
Event: 300,629 Thread 0x00007f66b0186000 nmethod 447 0x00007f6698e7af10 code [0x00007f6698e7b100, 0x00007f6698e7b610]
Event: 300,629 Thread 0x00007f66b0186000  448       3       org.eclipse.jdt.launching.internal.org.objectweb.asm.SymbolTable::addConstantUtf8Reference (101 bytes)
Event: 300,632 Thread 0x00007f66b0186000 nmethod 448 0x00007f6698e7b810 code [0x00007f6698e7ba40, 0x00007f6698e7c0f0]
Event: 472,667 Thread 0x00007f66b0186000  449       3       org.eclipse.jdt.launching.internal.org.objectweb.asm.SymbolTable::addConstantClass (8 bytes)
Event: 472,669 Thread 0x00007f66b0186000 nmethod 449 0x00007f6698e7c490 code [0x00007f6698e7c640, 0x00007f6698e7c7a0]

GC Heap History (0 events):
No events

Deoptimization events (16 events):
Event: 0,134 Thread 0x00007f66b0018000 Uncommon trap: trap_request=0xffffff4d fr.pc=0x00007f66a03279ac relative=0x0000000000000d2c
Event: 0,134 Thread 0x00007f66b0018000 Uncommon trap: reason=unstable_if action=reinterpret pc=0x00007f66a03279ac method=java.util.HashMap.putVal(ILjava/lang/Object;Ljava/lang/Object;ZZ)Ljava/lang/Object; @ 69 c2
Event: 0,134 Thread 0x00007f66b0018000 DEOPT PACKING pc=0x00007f66a03279ac sp=0x00007f66b42bf4c0
Event: 0,134 Thread 0x00007f66b0018000 DEOPT UNPACKING pc=0x00007f669889cea5 sp=0x00007f66b42bf470 mode 2
Event: 0,460 Thread 0x00007f66b0018000 Uncommon trap: trap_request=0xffffff4d fr.pc=0x00007f66a0322df8 relative=0x00000000000001d8
Event: 0,460 Thread 0x00007f66b0018000 Uncommon trap: reason=unstable_if action=reinterpret pc=0x00007f66a0322df8 method=java.lang.String.isLatin1()Z @ 10 c2
Event: 0,460 Thread 0x00007f66b0018000 DEOPT PACKING pc=0x00007f66a0322df8 sp=0x00007f66b42ba220
Event: 0,460 Thread 0x00007f66b0018000 DEOPT UNPACKING pc=0x00007f669889cea5 sp=0x00007f66b42ba178 mode 2
Event: 0,460 Thread 0x00007f66b0018000 Uncommon trap: trap_request=0xffffff4d fr.pc=0x00007f66a0320778 relative=0x00000000000000d8
Event: 0,460 Thread 0x00007f66b0018000 Uncommon trap: reason=unstable_if action=reinterpret pc=0x00007f66a0320778 method=java.lang.String.isLatin1()Z @ 10 c2
Event: 0,460 Thread 0x00007f66b0018000 DEOPT PACKING pc=0x00007f66a0320778 sp=0x00007f66b42ba160
Event: 0,460 Thread 0x00007f66b0018000 DEOPT UNPACKING pc=0x00007f669889cea5 sp=0x00007f66b42ba0d0 mode 2
Event: 0,460 Thread 0x00007f66b0018000 Uncommon trap: trap_request=0xffffff4d fr.pc=0x00007f66a0328a8c relative=0x000000000000006c
Event: 0,460 Thread 0x00007f66b0018000 Uncommon trap: reason=unstable_if action=reinterpret pc=0x00007f66a0328a8c method=java.lang.String.isLatin1()Z @ 10 c2
Event: 0,460 Thread 0x00007f66b0018000 DEOPT PACKING pc=0x00007f66a0328a8c sp=0x00007f66b42ba060
Event: 0,460 Thread 0x00007f66b0018000 DEOPT UNPACKING pc=0x00007f669889cea5 sp=0x00007f66b42ba020 mode 2

Classes redefined (5 events):
Event: 69,469 Thread 0x00007f66b0175800 redefined class name=curso_exercicios.Exercicio_a19, count=1
Event: 139,583 Thread 0x00007f66b0175800 redefined class name=curso_exercicios.Exercicio_a19, count=2
Event: 247,293 Thread 0x00007f66b0175800 redefined class name=curso_exercicios.Exercicio_a19, count=3
Event: 300,631 Thread 0x00007f66b0175800 redefined class name=curso_exercicios.Exercicio_a19, count=4
Event: 472,668 Thread 0x00007f66b0175800 redefined class name=curso_exercicios.Exercicio_a19, count=5

Internal exceptions (1 events):
Event: 0,433 Thread 0x00007f66b0018000 Exception <a 'java/lang/NoSuchMethodError'{0x000000008bf2c518}: 'int java.lang.invoke.DirectMethodHandle$Holder.invokeSpecialIFC(java.lang.Object, java.lang.Object, int)'> (0x000000008bf2c518) thrown at [src/hotspot/share/interpreter/linkResolver.cpp, line 772]

Events (20 events):
Event: 501,511 Executing VM operation: GetFrameCount done
Event: 501,512 Executing VM operation: GetFrameCount
Event: 501,512 Executing VM operation: GetFrameCount done
Event: 501,512 Executing VM operation: GetStackTrace
Event: 501,512 Executing VM operation: GetStackTrace done
Event: 501,512 Executing VM operation: GetFrameCount
Event: 501,512 Executing VM operation: GetFrameCount done
Event: 501,513 Executing VM operation: GetOwnedMonitorInfo
Event: 501,513 Executing VM operation: GetOwnedMonitorInfo done
Event: 501,513 Executing VM operation: GetCurrentContendedMonitor
Event: 501,513 Executing VM operation: GetCurrentContendedMonitor done
Event: 501,513 Executing VM operation: GetOwnedMonitorInfo
Event: 501,513 Executing VM operation: GetOwnedMonitorInfo done
Event: 501,513 Executing VM operation: GetCurrentContendedMonitor
Event: 501,513 Executing VM operation: GetCurrentContendedMonitor done
Event: 501,514 Executing VM operation: GetCurrentContendedMonitor
Event: 501,514 Executing VM operation: GetCurrentContendedMonitor done
Event: 501,514 Executing VM operation: GetOwnedMonitorInfo
Event: 501,514 Executing VM operation: GetOwnedMonitorInfo done
Event: 501,544 Executing VM operation: GetOrSetLocal


Dynamic libraries:
84800000-8c400000 rw-p 00000000 00:00 0 
8c400000-ffe00000 ---p 00000000 00:00 0 
ffe00000-ffe47000 rw-p 01114000 08:05 6305985                            /usr/lib/jvm/java-11-openjdk-amd64/lib/server/classes.jsa
ffe47000-fff00000 rw-p 00000000 00:00 0 
fff00000-fff6b000 rw-p 010a9000 08:05 6305985                            /usr/lib/jvm/java-11-openjdk-amd64/lib/server/classes.jsa
fff6b000-100000000 rw-p 00000000 00:00 0 
800000000-800002000 rwxp 00001000 08:05 6305985                          /usr/lib/jvm/java-11-openjdk-amd64/lib/server/classes.jsa
800002000-8010a8000 rw-p 00003000 08:05 6305985                          /usr/lib/jvm/java-11-openjdk-amd64/lib/server/classes.jsa
840000000-840080000 rw-p 00000000 00:00 0 
840080000-880000000 ---p 00000000 00:00 0 
55861e86b000-55861e86c000 r--p 00000000 08:05 6305549                    /usr/lib/jvm/java-11-openjdk-amd64/bin/java
55861e86c000-55861e86d000 r-xp 00001000 08:05 6305549                    /usr/lib/jvm/java-11-openjdk-amd64/bin/java
55861e86d000-55861e86e000 r--p 00002000 08:05 6305549                    /usr/lib/jvm/java-11-openjdk-amd64/bin/java
55861e86e000-55861e86f000 r--p 00002000 08:05 6305549                    /usr/lib/jvm/java-11-openjdk-amd64/bin/java
55861e86f000-55861e870000 rw-p 00003000 08:05 6305549                    /usr/lib/jvm/java-11-openjdk-amd64/bin/java
55861f586000-55861f5a7000 rw-p 00000000 00:00 0                          [heap]
7f6640000000-7f6640021000 rw-p 00000000 00:00 0 
7f6640021000-7f6644000000 ---p 00000000 00:00 0 
7f6644000000-7f6644021000 rw-p 00000000 00:00 0 
7f6644021000-7f6648000000 ---p 00000000 00:00 0 
7f6648000000-7f6648021000 rw-p 00000000 00:00 0 
7f6648021000-7f664c000000 ---p 00000000 00:00 0 
7f664c000000-7f664c021000 rw-p 00000000 00:00 0 
7f664c021000-7f6650000000 ---p 00000000 00:00 0 
7f6650000000-7f6650021000 rw-p 00000000 00:00 0 
7f6650021000-7f6654000000 ---p 00000000 00:00 0 
7f6654000000-7f6654021000 rw-p 00000000 00:00 0 
7f6654021000-7f6658000000 ---p 00000000 00:00 0 
7f6658000000-7f66580ee000 rw-p 00000000 00:00 0 
7f66580ee000-7f665c000000 ---p 00000000 00:00 0 
7f665c000000-7f665c021000 rw-p 00000000 00:00 0 
7f665c021000-7f6660000000 ---p 00000000 00:00 0 
7f6660000000-7f6660021000 rw-p 00000000 00:00 0 
7f6660021000-7f6664000000 ---p 00000000 00:00 0 
7f6664000000-7f6664218000 rw-p 00000000 00:00 0 
7f6664218000-7f6668000000 ---p 00000000 00:00 0 
7f6668000000-7f6668021000 rw-p 00000000 00:00 0 
7f6668021000-7f666c000000 ---p 00000000 00:00 0 
7f666eb1a000-7f666eb1e000 ---p 00000000 00:00 0 
7f666eb1e000-7f666ec1b000 rw-p 00000000 00:00 0 
7f666ec1b000-7f666ec1c000 ---p 00000000 00:00 0 
7f666ec1c000-7f666ed1d000 rw-p 00000000 00:00 0 
7f666ed1d000-7f666ed21000 ---p 00000000 00:00 0 
7f666ed21000-7f666ee1e000 rw-p 00000000 00:00 0 
7f666ee1e000-7f666ee22000 ---p 00000000 00:00 0 
7f666ee22000-7f666ef1f000 rw-p 00000000 00:00 0 
7f666ef1f000-7f666ef23000 ---p 00000000 00:00 0 
7f666ef23000-7f666f020000 rw-p 00000000 00:00 0 
7f666f020000-7f666f024000 ---p 00000000 00:00 0 
7f666f024000-7f666f121000 rw-p 00000000 00:00 0 
7f666f121000-7f666f125000 ---p 00000000 00:00 0 
7f666f125000-7f666f222000 rw-p 00000000 00:00 0 
7f666f222000-7f6670000000 r--p 00000000 08:05 6298288                    /usr/lib/locale/locale-archive
7f6670000000-7f6670021000 rw-p 00000000 00:00 0 
7f6670021000-7f6674000000 ---p 00000000 00:00 0 
7f6674000000-7f6674021000 rw-p 00000000 00:00 0 
7f6674021000-7f6678000000 ---p 00000000 00:00 0 
7f6678000000-7f6678021000 rw-p 00000000 00:00 0 
7f6678021000-7f667c000000 ---p 00000000 00:00 0 
7f667c000000-7f667c021000 rw-p 00000000 00:00 0 
7f667c021000-7f6680000000 ---p 00000000 00:00 0 
7f6680000000-7f6680021000 rw-p 00000000 00:00 0 
7f6680021000-7f6684000000 ---p 00000000 00:00 0 
7f6684000000-7f6684021000 rw-p 00000000 00:00 0 
7f6684021000-7f6688000000 ---p 00000000 00:00 0 
7f6688000000-7f6688021000 rw-p 00000000 00:00 0 
7f6688021000-7f668c000000 ---p 00000000 00:00 0 
7f668c0a7000-7f668c0ab000 r--p 00000000 08:05 6305698                    /usr/lib/jvm/java-11-openjdk-amd64/lib/libnet.so
7f668c0ab000-7f668c0ba000 r-xp 00004000 08:05 6305698                    /usr/lib/jvm/java-11-openjdk-amd64/lib/libnet.so
7f668c0ba000-7f668c0be000 r--p 00013000 08:05 6305698                    /usr/lib/jvm/java-11-openjdk-amd64/lib/libnet.so
7f668c0be000-7f668c0bf000 r--p 00016000 08:05 6305698                    /usr/lib/jvm/java-11-openjdk-amd64/lib/libnet.so
7f668c0bf000-7f668c0c0000 rw-p 00017000 08:05 6305698                    /usr/lib/jvm/java-11-openjdk-amd64/lib/libnet.so
7f668c0c0000-7f668c0c4000 ---p 00000000 00:00 0 
7f668c0c4000-7f668c1c1000 rw-p 00000000 00:00 0 
7f668c1c1000-7f668c1c5000 ---p 00000000 00:00 0 
7f668c1c5000-7f668c2c2000 rw-p 00000000 00:00 0 
7f668c2c2000-7f668c2c6000 ---p 00000000 00:00 0 
7f668c2c6000-7f668c3c3000 rw-p 00000000 00:00 0 
7f668c3c3000-7f668c3c7000 ---p 00000000 00:00 0 
7f668c3c7000-7f668c4c4000 rw-p 00000000 00:00 0 
7f668c4c4000-7f668c4c8000 ---p 00000000 00:00 0 
7f668c4c8000-7f668c5c5000 rw-p 00000000 00:00 0 
7f668c5c5000-7f668c5c9000 ---p 00000000 00:00 0 
7f668c5c9000-7f668c6c6000 rw-p 00000000 00:00 0 
7f668c6c6000-7f668c6c7000 ---p 00000000 00:00 0 
7f668c6c7000-7f668cd24000 rw-p 00000000 00:00 0 
7f668cd24000-7f668d0a4000 ---p 00000000 00:00 0 
7f668d0a4000-7f668d0a5000 ---p 00000000 00:00 0 
7f668d0a5000-7f668d1a6000 rw-p 00000000 00:00 0 
7f668d1a6000-7f668d1a7000 ---p 00000000 00:00 0 
7f668d1a7000-7f668f89c000 rw-p 00000000 00:00 0 
7f668f89c000-7f6691584000 ---p 00000000 00:00 0 
7f6691584000-7f669177c000 rw-p 00000000 00:00 0 
7f669177c000-7f6693464000 ---p 00000000 00:00 0 
7f6693464000-7f66934aa000 rw-p 00000000 00:00 0 
7f66934aa000-7f6693847000 ---p 00000000 00:00 0 
7f6693847000-7f6693886000 rw-p 00000000 00:00 0 
7f6693886000-7f6693c23000 ---p 00000000 00:00 0 
7f6693c23000-7f6693c62000 rw-p 00000000 00:00 0 
7f6693c62000-7f6693fff000 ---p 00000000 00:00 0 
7f6693fff000-7f6694000000 rw-p 00000000 00:00 0 
7f6694000000-7f6694021000 rw-p 00000000 00:00 0 
7f6694021000-7f6698000000 ---p 00000000 00:00 0 
7f6698008000-7f669800f000 r--p 00000000 08:05 6305699                    /usr/lib/jvm/java-11-openjdk-amd64/lib/libnio.so
7f669800f000-7f6698017000 r-xp 00007000 08:05 6305699                    /usr/lib/jvm/java-11-openjdk-amd64/lib/libnio.so
7f6698017000-7f669801a000 r--p 0000f000 08:05 6305699                    /usr/lib/jvm/java-11-openjdk-amd64/lib/libnio.so
7f669801a000-7f669801b000 r--p 00011000 08:05 6305699                    /usr/lib/jvm/java-11-openjdk-amd64/lib/libnio.so
7f669801b000-7f669801c000 rw-p 00012000 08:05 6305699                    /usr/lib/jvm/java-11-openjdk-amd64/lib/libnio.so
7f669801c000-7f669801d000 ---p 00000000 00:00 0 
7f669801d000-7f669811e000 rw-p 00000000 00:00 0 
7f669811e000-7f669811f000 ---p 00000000 00:00 0 
7f669811f000-7f6698666000 rw-p 00000000 00:00 0 
7f6698666000-7f6698667000 ---p 00000000 00:00 0 
7f6698667000-7f669876d000 rw-p 00000000 00:00 0 
7f669876d000-7f6698853000 ---p 00000000 00:00 0 
7f6698853000-7f6698ac3000 rwxp 00000000 00:00 0 
7f6698ac3000-7f6698de3000 ---p 00000000 00:00 0 
7f6698de3000-7f6699053000 rwxp 00000000 00:00 0 
7f6699053000-7f66a031b000 ---p 00000000 00:00 0 
7f66a031b000-7f66a058b000 rwxp 00000000 00:00 0 
7f66a058b000-7f66a7853000 ---p 00000000 00:00 0 
7f66a7853000-7f66b0000000 r--s 00000000 08:05 6305708                    /usr/lib/jvm/java-11-openjdk-amd64/lib/modules
7f66b0000000-7f66b0355000 rw-p 00000000 00:00 0 
7f66b0355000-7f66b4000000 ---p 00000000 00:00 0 
7f66b4003000-7f66b4005000 r--p 00000000 08:05 6305679                    /usr/lib/jvm/java-11-openjdk-amd64/lib/libdt_socket.so
7f66b4005000-7f66b4008000 r-xp 00002000 08:05 6305679                    /usr/lib/jvm/java-11-openjdk-amd64/lib/libdt_socket.so
7f66b4008000-7f66b4009000 r--p 00005000 08:05 6305679                    /usr/lib/jvm/java-11-openjdk-amd64/lib/libdt_socket.so
7f66b4009000-7f66b400a000 ---p 00006000 08:05 6305679                    /usr/lib/jvm/java-11-openjdk-amd64/lib/libdt_socket.so
7f66b400a000-7f66b400b000 r--p 00006000 08:05 6305679                    /usr/lib/jvm/java-11-openjdk-amd64/lib/libdt_socket.so
7f66b400b000-7f66b400c000 rw-p 00007000 08:05 6305679                    /usr/lib/jvm/java-11-openjdk-amd64/lib/libdt_socket.so
7f66b400c000-7f66b4013000 r--s 00000000 08:05 6820579                    /usr/lib/x86_64-linux-gnu/gconv/gconv-modules.cache
7f66b4013000-7f66b4018000 rw-p 00000000 00:00 0 
7f66b4018000-7f66b40fe000 ---p 00000000 00:00 0 
7f66b40fe000-7f66b4103000 rw-p 00000000 00:00 0 
7f66b4103000-7f66b410a000 ---p 00000000 00:00 0 
7f66b410a000-7f66b410d000 r--p 00000000 08:05 6300247                    /usr/lib/x86_64-linux-gnu/libnss_files-2.31.so
7f66b410d000-7f66b4114000 r-xp 00003000 08:05 6300247                    /usr/lib/x86_64-linux-gnu/libnss_files-2.31.so
7f66b4114000-7f66b4116000 r--p 0000a000 08:05 6300247                    /usr/lib/x86_64-linux-gnu/libnss_files-2.31.so
7f66b4116000-7f66b4117000 r--p 0000b000 08:05 6300247                    /usr/lib/x86_64-linux-gnu/libnss_files-2.31.so
7f66b4117000-7f66b4118000 rw-p 0000c000 08:05 6300247                    /usr/lib/x86_64-linux-gnu/libnss_files-2.31.so
7f66b4118000-7f66b411e000 rw-p 00000000 00:00 0 
7f66b411f000-7f66b4121000 r--s 0000c000 08:05 7091065                    /usr/share/java/java-atk-wrapper.jar
7f66b4121000-7f66b4123000 r--p 00000000 08:05 6305707                    /usr/lib/jvm/java-11-openjdk-amd64/lib/libzip.so
7f66b4123000-7f66b4127000 r-xp 00002000 08:05 6305707                    /usr/lib/jvm/java-11-openjdk-amd64/lib/libzip.so
7f66b4127000-7f66b4129000 r--p 00006000 08:05 6305707                    /usr/lib/jvm/java-11-openjdk-amd64/lib/libzip.so
7f66b4129000-7f66b412a000 r--p 00007000 08:05 6305707                    /usr/lib/jvm/java-11-openjdk-amd64/lib/libzip.so
7f66b412a000-7f66b412b000 rw-p 00008000 08:05 6305707                    /usr/lib/jvm/java-11-openjdk-amd64/lib/libzip.so
7f66b412b000-7f66b4133000 rw-s 00000000 08:05 3805817                    /tmp/hsperfdata_mikael/6471
7f66b4133000-7f66b4135000 r--p 00000000 08:05 6305682                    /usr/lib/jvm/java-11-openjdk-amd64/lib/libinstrument.so
7f66b4135000-7f66b413b000 r-xp 00002000 08:05 6305682                    /usr/lib/jvm/java-11-openjdk-amd64/lib/libinstrument.so
7f66b413b000-7f66b413e000 r--p 00008000 08:05 6305682                    /usr/lib/jvm/java-11-openjdk-amd64/lib/libinstrument.so
7f66b413e000-7f66b413f000 r--p 0000a000 08:05 6305682                    /usr/lib/jvm/java-11-openjdk-amd64/lib/libinstrument.so
7f66b413f000-7f66b4140000 rw-p 0000b000 08:05 6305682                    /usr/lib/jvm/java-11-openjdk-amd64/lib/libinstrument.so
7f66b4140000-7f66b4142000 r--p 00000000 08:05 6305689                    /usr/lib/jvm/java-11-openjdk-amd64/lib/libjdwp.so
7f66b4142000-7f66b416e000 r-xp 00002000 08:05 6305689                    /usr/lib/jvm/java-11-openjdk-amd64/lib/libjdwp.so
7f66b416e000-7f66b417c000 r--p 0002e000 08:05 6305689                    /usr/lib/jvm/java-11-openjdk-amd64/lib/libjdwp.so
7f66b417c000-7f66b417d000 r--p 0003b000 08:05 6305689                    /usr/lib/jvm/java-11-openjdk-amd64/lib/libjdwp.so
7f66b417d000-7f66b417e000 rw-p 0003c000 08:05 6305689                    /usr/lib/jvm/java-11-openjdk-amd64/lib/libjdwp.so
7f66b417e000-7f66b4180000 r--p 00000000 08:05 6305690                    /usr/lib/jvm/java-11-openjdk-amd64/lib/libjimage.so
7f66b4180000-7f66b4183000 r-xp 00002000 08:05 6305690                    /usr/lib/jvm/java-11-openjdk-amd64/lib/libjimage.so
7f66b4183000-7f66b4184000 r--p 00005000 08:05 6305690                    /usr/lib/jvm/java-11-openjdk-amd64/lib/libjimage.so
7f66b4184000-7f66b4185000 ---p 00006000 08:05 6305690                    /usr/lib/jvm/java-11-openjdk-amd64/lib/libjimage.so
7f66b4185000-7f66b4186000 r--p 00006000 08:05 6305690                    /usr/lib/jvm/java-11-openjdk-amd64/lib/libjimage.so
7f66b4186000-7f66b4187000 rw-p 00007000 08:05 6305690                    /usr/lib/jvm/java-11-openjdk-amd64/lib/libjimage.so
7f66b4187000-7f66b4195000 r--p 00000000 08:05 6305687                    /usr/lib/jvm/java-11-openjdk-amd64/lib/libjava.so
7f66b4195000-7f66b41ab000 r-xp 0000e000 08:05 6305687                    /usr/lib/jvm/java-11-openjdk-amd64/lib/libjava.so
7f66b41ab000-7f66b41b2000 r--p 00024000 08:05 6305687                    /usr/lib/jvm/java-11-openjdk-amd64/lib/libjava.so
7f66b41b2000-7f66b41b3000 r--p 0002a000 08:05 6305687                    /usr/lib/jvm/java-11-openjdk-amd64/lib/libjava.so
7f66b41b3000-7f66b41b4000 rw-p 0002b000 08:05 6305687                    /usr/lib/jvm/java-11-openjdk-amd64/lib/libjava.so
7f66b41b4000-7f66b41b5000 rw-p 00000000 00:00 0 
7f66b41b5000-7f66b41b8000 r--p 00000000 08:05 6300454                    /usr/lib/x86_64-linux-gnu/librt-2.31.so
7f66b41b8000-7f66b41bc000 r-xp 00003000 08:05 6300454                    /usr/lib/x86_64-linux-gnu/librt-2.31.so
7f66b41bc000-7f66b41bd000 r--p 00007000 08:05 6300454                    /usr/lib/x86_64-linux-gnu/librt-2.31.so
7f66b41bd000-7f66b41be000 ---p 00008000 08:05 6300454                    /usr/lib/x86_64-linux-gnu/librt-2.31.so
7f66b41be000-7f66b41bf000 r--p 00008000 08:05 6300454                    /usr/lib/x86_64-linux-gnu/librt-2.31.so
7f66b41bf000-7f66b41c0000 rw-p 00009000 08:05 6300454                    /usr/lib/x86_64-linux-gnu/librt-2.31.so
7f66b41c0000-7f66b41c4000 ---p 00000000 00:00 0 
7f66b41c4000-7f66b42c1000 rw-p 00000000 00:00 0 
7f66b42c1000-7f66b42c4000 r--p 00000000 08:05 6299760                    /usr/lib/x86_64-linux-gnu/libgcc_s.so.1
7f66b42c4000-7f66b42d6000 r-xp 00003000 08:05 6299760                    /usr/lib/x86_64-linux-gnu/libgcc_s.so.1
7f66b42d6000-7f66b42da000 r--p 00015000 08:05 6299760                    /usr/lib/x86_64-linux-gnu/libgcc_s.so.1
7f66b42da000-7f66b42db000 r--p 00018000 08:05 6299760                    /usr/lib/x86_64-linux-gnu/libgcc_s.so.1
7f66b42db000-7f66b42dc000 rw-p 00019000 08:05 6299760                    /usr/lib/x86_64-linux-gnu/libgcc_s.so.1
7f66b42dc000-7f66b42eb000 r--p 00000000 08:05 6300121                    /usr/lib/x86_64-linux-gnu/libm-2.31.so
7f66b42eb000-7f66b4392000 r-xp 0000f000 08:05 6300121                    /usr/lib/x86_64-linux-gnu/libm-2.31.so
7f66b4392000-7f66b4429000 r--p 000b6000 08:05 6300121                    /usr/lib/x86_64-linux-gnu/libm-2.31.so
7f66b4429000-7f66b442a000 r--p 0014c000 08:05 6300121                    /usr/lib/x86_64-linux-gnu/libm-2.31.so
7f66b442a000-7f66b442b000 rw-p 0014d000 08:05 6300121                    /usr/lib/x86_64-linux-gnu/libm-2.31.so
7f66b442b000-7f66b44c1000 r--p 00000000 08:05 6300563                    /usr/lib/x86_64-linux-gnu/libstdc++.so.6.0.28
7f66b44c1000-7f66b45b2000 r-xp 00096000 08:05 6300563                    /usr/lib/x86_64-linux-gnu/libstdc++.so.6.0.28
7f66b45b2000-7f66b45fb000 r--p 00187000 08:05 6300563                    /usr/lib/x86_64-linux-gnu/libstdc++.so.6.0.28
7f66b45fb000-7f66b45fc000 ---p 001d0000 08:05 6300563                    /usr/lib/x86_64-linux-gnu/libstdc++.so.6.0.28
7f66b45fc000-7f66b4607000 r--p 001d0000 08:05 6300563                    /usr/lib/x86_64-linux-gnu/libstdc++.so.6.0.28
7f66b4607000-7f66b460a000 rw-p 001db000 08:05 6300563                    /usr/lib/x86_64-linux-gnu/libstdc++.so.6.0.28
7f66b460a000-7f66b460d000 rw-p 00000000 00:00 0 
7f66b460d000-7f66b488e000 r--p 00000000 08:05 6305713                    /usr/lib/jvm/java-11-openjdk-amd64/lib/server/libjvm.so
7f66b488e000-7f66b550e000 r-xp 00281000 08:05 6305713                    /usr/lib/jvm/java-11-openjdk-amd64/lib/server/libjvm.so
7f66b550e000-7f66b5769000 r--p 00f01000 08:05 6305713                    /usr/lib/jvm/java-11-openjdk-amd64/lib/server/libjvm.so
7f66b5769000-7f66b582d000 r--p 0115b000 08:05 6305713                    /usr/lib/jvm/java-11-openjdk-amd64/lib/server/libjvm.so
7f66b582d000-7f66b5868000 rw-p 0121f000 08:05 6305713                    /usr/lib/jvm/java-11-openjdk-amd64/lib/server/libjvm.so
7f66b5868000-7f66b58c1000 rw-p 00000000 00:00 0 
7f66b58c1000-7f66b58c8000 r--p 00000000 08:05 6300391                    /usr/lib/x86_64-linux-gnu/libpthread-2.31.so
7f66b58c8000-7f66b58d9000 r-xp 00007000 08:05 6300391                    /usr/lib/x86_64-linux-gnu/libpthread-2.31.so
7f66b58d9000-7f66b58de000 r--p 00018000 08:05 6300391                    /usr/lib/x86_64-linux-gnu/libpthread-2.31.so
7f66b58de000-7f66b58df000 r--p 0001c000 08:05 6300391                    /usr/lib/x86_64-linux-gnu/libpthread-2.31.so
7f66b58df000-7f66b58e0000 rw-p 0001d000 08:05 6300391                    /usr/lib/x86_64-linux-gnu/libpthread-2.31.so
7f66b58e0000-7f66b58e4000 rw-p 00000000 00:00 0 
7f66b58e4000-7f66b58e5000 r--p 00000000 08:05 6299608                    /usr/lib/x86_64-linux-gnu/libdl-2.31.so
7f66b58e5000-7f66b58e7000 r-xp 00001000 08:05 6299608                    /usr/lib/x86_64-linux-gnu/libdl-2.31.so
7f66b58e7000-7f66b58e8000 r--p 00003000 08:05 6299608                    /usr/lib/x86_64-linux-gnu/libdl-2.31.so
7f66b58e8000-7f66b58e9000 r--p 00003000 08:05 6299608                    /usr/lib/x86_64-linux-gnu/libdl-2.31.so
7f66b58e9000-7f66b58ea000 rw-p 00004000 08:05 6299608                    /usr/lib/x86_64-linux-gnu/libdl-2.31.so
7f66b58ea000-7f66b58ec000 r--p 00000000 08:05 6300826                    /usr/lib/x86_64-linux-gnu/libz.so.1.2.11
7f66b58ec000-7f66b58fd000 r-xp 00002000 08:05 6300826                    /usr/lib/x86_64-linux-gnu/libz.so.1.2.11
7f66b58fd000-7f66b5903000 r--p 00013000 08:05 6300826                    /usr/lib/x86_64-linux-gnu/libz.so.1.2.11
7f66b5903000-7f66b5904000 ---p 00019000 08:05 6300826                    /usr/lib/x86_64-linux-gnu/libz.so.1.2.11
7f66b5904000-7f66b5905000 r--p 00019000 08:05 6300826                    /usr/lib/x86_64-linux-gnu/libz.so.1.2.11
7f66b5905000-7f66b5906000 rw-p 0001a000 08:05 6300826                    /usr/lib/x86_64-linux-gnu/libz.so.1.2.11
7f66b5906000-7f66b592b000 r--p 00000000 08:05 6299467                    /usr/lib/x86_64-linux-gnu/libc-2.31.so
7f66b592b000-7f66b5aa3000 r-xp 00025000 08:05 6299467                    /usr/lib/x86_64-linux-gnu/libc-2.31.so
7f66b5aa3000-7f66b5aed000 r--p 0019d000 08:05 6299467                    /usr/lib/x86_64-linux-gnu/libc-2.31.so
7f66b5aed000-7f66b5aee000 ---p 001e7000 08:05 6299467                    /usr/lib/x86_64-linux-gnu/libc-2.31.so
7f66b5aee000-7f66b5af1000 r--p 001e7000 08:05 6299467                    /usr/lib/x86_64-linux-gnu/libc-2.31.so
7f66b5af1000-7f66b5af4000 rw-p 001ea000 08:05 6299467                    /usr/lib/x86_64-linux-gnu/libc-2.31.so
7f66b5af4000-7f66b5af8000 rw-p 00000000 00:00 0 
7f66b5af9000-7f66b5afa000 ---p 00000000 00:00 0 
7f66b5afa000-7f66b5afb000 r--p 00000000 00:00 0 
7f66b5afb000-7f66b5b00000 r--p 00000000 08:05 6305706                    /usr/lib/jvm/java-11-openjdk-amd64/lib/libverify.so
7f66b5b00000-7f66b5b07000 r-xp 00005000 08:05 6305706                    /usr/lib/jvm/java-11-openjdk-amd64/lib/libverify.so
7f66b5b07000-7f66b5b09000 r--p 0000c000 08:05 6305706                    /usr/lib/jvm/java-11-openjdk-amd64/lib/libverify.so
7f66b5b09000-7f66b5b0a000 ---p 0000e000 08:05 6305706                    /usr/lib/jvm/java-11-openjdk-amd64/lib/libverify.so
7f66b5b0a000-7f66b5b0c000 r--p 0000e000 08:05 6305706                    /usr/lib/jvm/java-11-openjdk-amd64/lib/libverify.so
7f66b5b0c000-7f66b5b0d000 rw-p 00010000 08:05 6305706                    /usr/lib/jvm/java-11-openjdk-amd64/lib/libverify.so
7f66b5b0d000-7f66b5b10000 r--p 00000000 08:05 6305672                    /usr/lib/jvm/java-11-openjdk-amd64/lib/jli/libjli.so
7f66b5b10000-7f66b5b1a000 r-xp 00003000 08:05 6305672                    /usr/lib/jvm/java-11-openjdk-amd64/lib/jli/libjli.so
7f66b5b1a000-7f66b5b1d000 r--p 0000d000 08:05 6305672                    /usr/lib/jvm/java-11-openjdk-amd64/lib/jli/libjli.so
7f66b5b1d000-7f66b5b1e000 ---p 00010000 08:05 6305672                    /usr/lib/jvm/java-11-openjdk-amd64/lib/jli/libjli.so
7f66b5b1e000-7f66b5b1f000 r--p 00010000 08:05 6305672                    /usr/lib/jvm/java-11-openjdk-amd64/lib/jli/libjli.so
7f66b5b1f000-7f66b5b20000 rw-p 00011000 08:05 6305672                    /usr/lib/jvm/java-11-openjdk-amd64/lib/jli/libjli.so
7f66b5b20000-7f66b5b22000 rw-p 00000000 00:00 0 
7f66b5b22000-7f66b5b23000 r--p 00000000 08:05 6299249                    /usr/lib/x86_64-linux-gnu/ld-2.31.so
7f66b5b23000-7f66b5b46000 r-xp 00001000 08:05 6299249                    /usr/lib/x86_64-linux-gnu/ld-2.31.so
7f66b5b46000-7f66b5b4e000 r--p 00024000 08:05 6299249                    /usr/lib/x86_64-linux-gnu/ld-2.31.so
7f66b5b4f000-7f66b5b50000 r--p 0002c000 08:05 6299249                    /usr/lib/x86_64-linux-gnu/ld-2.31.so
7f66b5b50000-7f66b5b51000 rw-p 0002d000 08:05 6299249                    /usr/lib/x86_64-linux-gnu/ld-2.31.so
7f66b5b51000-7f66b5b52000 rw-p 00000000 00:00 0 
7ffc8a2b9000-7ffc8a2da000 rw-p 00000000 00:00 0                          [stack]
7ffc8a3f7000-7ffc8a3fb000 r--p 00000000 00:00 0                          [vvar]
7ffc8a3fb000-7ffc8a3fd000 r-xp 00000000 00:00 0                          [vdso]
ffffffffff600000-ffffffffff601000 --xp 00000000 00:00 0                  [vsyscall]


VM Arguments:
jvm_args: -agentlib:jdwp=transport=dt_socket,suspend=y,address=localhost:45913 -javaagent:/home/mikael/.eclipse/360744286_linux_gtk_x86_64/configuration/org.eclipse.osgi/222/0/.cp/lib/javaagent-shaded.jar -Dfile.encoding=UTF-8 
java_command: curso_exercicios.Exercicio_a19
java_class_path (initial): /home/mikael/eclipse-workspace/Udemy/bin
Launcher Type: SUN_STANDARD

[Global flags]
     intx CICompilerCount                          = 3                                         {product} {ergonomic}
     uint ConcGCThreads                            = 1                                         {product} {ergonomic}
     uint G1ConcRefinementThreads                  = 4                                         {product} {ergonomic}
   size_t G1HeapRegionSize                         = 1048576                                   {product} {ergonomic}
    uintx GCDrainStackTargetSize                   = 64                                        {product} {ergonomic}
   size_t InitialHeapSize                          = 130023424                                 {product} {ergonomic}
   size_t MarkStackSize                            = 4194304                                   {product} {ergonomic}
   size_t MaxHeapSize                              = 2071986176                                {product} {ergonomic}
   size_t MaxNewSize                               = 1242562560                                {product} {ergonomic}
   size_t MinHeapDeltaBytes                        = 1048576                                   {product} {ergonomic}
    uintx NonNMethodCodeHeapSize                   = 5830732                                {pd product} {ergonomic}
    uintx NonProfiledCodeHeapSize                  = 122913754                              {pd product} {ergonomic}
    uintx ProfiledCodeHeapSize                     = 122913754                              {pd product} {ergonomic}
    uintx ReservedCodeCacheSize                    = 251658240                              {pd product} {ergonomic}
     bool SegmentedCodeCache                       = true                                      {product} {ergonomic}
     bool UseCompressedClassPointers               = true                                 {lp64_product} {ergonomic}
     bool UseCompressedOops                        = true                                 {lp64_product} {ergonomic}
     bool UseG1GC                                  = true                                      {product} {ergonomic}

Logging:
Log output configuration:
 #0: stdout all=warning uptime,level,tags
 #1: stderr all=off uptime,level,tags

Environment Variables:
PATH=/usr/local/sbin:/usr/local/bin:/usr/sbin:/usr/bin:/sbin:/bin:/usr/games:/usr/local/games:/snap/bin
USERNAME=mikael
SHELL=/bin/bash
DISPLAY=:1
LANG=pt_BR.UTF-8

Signal Handlers:
SIGSEGV: [libjvm.so+0xe8e8d0], sa_mask[0]=11111111011111111101111111111110, sa_flags=SA_RESTART|SA_SIGINFO
SIGBUS: [libjvm.so+0xe8e8d0], sa_mask[0]=11111111011111111101111111111110, sa_flags=SA_RESTART|SA_SIGINFO
SIGFPE: [libjvm.so+0xe8e8d0], sa_mask[0]=11111111011111111101111111111110, sa_flags=SA_RESTART|SA_SIGINFO
SIGPIPE: [libjvm.so+0xbd6910], sa_mask[0]=11111111011111111101111111111110, sa_flags=SA_RESTART|SA_SIGINFO
SIGXFSZ: [libjvm.so+0xbd6910], sa_mask[0]=11111111011111111101111111111110, sa_flags=SA_RESTART|SA_SIGINFO
SIGILL: [libjvm.so+0xe8e8d0], sa_mask[0]=11111111011111111101111111111110, sa_flags=SA_RESTART|SA_SIGINFO
SIGUSR2: [libjvm.so+0xbd67b0], sa_mask[0]=00100000000000000000000000000000, sa_flags=SA_RESTART|SA_SIGINFO
SIGHUP: [libjvm.so+0xbd6c50], sa_mask[0]=11111111011111111101111111111110, sa_flags=SA_RESTART|SA_SIGINFO
SIGINT: [libjvm.so+0xbd6c50], sa_mask[0]=11111111011111111101111111111110, sa_flags=SA_RESTART|SA_SIGINFO
SIGTERM: [libjvm.so+0xbd6c50], sa_mask[0]=11111111011111111101111111111110, sa_flags=SA_RESTART|SA_SIGINFO
SIGQUIT: [libjvm.so+0xbd6c50], sa_mask[0]=11111111011111111101111111111110, sa_flags=SA_RESTART|SA_SIGINFO


---------------  S Y S T E M  ---------------

OS:DISTRIB_ID=Ubuntu
DISTRIB_RELEASE=20.04
DISTRIB_CODENAME=focal
DISTRIB_DESCRIPTION="Ubuntu 20.04.3 LTS"
uname:Linux 5.11.0-44-generic #48~20.04.2-Ubuntu SMP Tue Dec 14 15:36:44 UTC 2021 x86_64
OS uptime: 0 days 1:01 hours
libc:glibc 2.31 NPTL 2.31 
rlimit (soft/hard): STACK 8192k/infinity , CORE 0k/infinity , NPROC 31353/31353 , NOFILE 1048576/1048576 , AS infinity/infinity , CPU infinity/infinity , DATA infinity/infinity , FSIZE infinity/infinity , MEMLOCK 65536k/65536k
load average:0,67 0,52 0,56

/proc/meminfo:
MemTotal:        8091984 kB
MemFree:         1310216 kB
MemAvailable:    3615876 kB
Buffers:          100792 kB
Cached:          2729028 kB
SwapCached:            0 kB
Active:           943260 kB
Inactive:        5321964 kB
Active(anon):       5252 kB
Inactive(anon):  3792168 kB
Active(file):     938008 kB
Inactive(file):  1529796 kB
Unevictable:          80 kB
Mlocked:              80 kB
SwapTotal:       2097148 kB
SwapFree:        2097148 kB
Dirty:              2220 kB
Writeback:             0 kB
AnonPages:       3435496 kB
Mapped:          1133700 kB
Shmem:            372496 kB
KReclaimable:     114048 kB
Slab:             251684 kB
SReclaimable:     114048 kB
SUnreclaim:       137636 kB
KernelStack:       20416 kB
PageTables:        53944 kB
NFS_Unstable:          0 kB
Bounce:                0 kB
WritebackTmp:          0 kB
CommitLimit:     6143140 kB
Committed_AS:   14383488 kB
VmallocTotal:   34359738367 kB
VmallocUsed:       76796 kB
VmallocChunk:          0 kB
Percpu:             4000 kB
HardwareCorrupted:     0 kB
AnonHugePages:         0 kB
ShmemHugePages:        0 kB
ShmemPmdMapped:        0 kB
FileHugePages:         0 kB
FilePmdMapped:         0 kB
HugePages_Total:       0
HugePages_Free:        0
HugePages_Rsvd:        0
HugePages_Surp:        0
Hugepagesize:       2048 kB
Hugetlb:               0 kB
DirectMap4k:      479032 kB
DirectMap2M:     7856128 kB

/sys/kernel/mm/transparent_hugepage/enabled:
always [madvise] never
/sys/kernel/mm/transparent_hugepage/defrag (defrag/compaction efforts parameter):
always defer defer+madvise [madvise] never

Process Memory:
Virtual Size: 4973024K (peak: 13454788K)
Resident Set Size: 51196K (peak: 51496K) (anon: 21744K, file: 29452K, shmem: 0K)
Swapped out: 0K
C-Heap outstanding allocations: 3480K

/proc/sys/kernel/threads-max (system-wide limit on the number of threads):
62706
/proc/sys/vm/max_map_count (maximum number of memory map areas a process may have):
65530
/proc/sys/kernel/pid_max (system-wide limit on number of process identifiers):
4194304

container (cgroup) information:
container_type: cgroupv1
cpu_cpuset_cpus: 0-3
cpu_memory_nodes: 0
active_processor_count: 4
cpu_quota: -1
cpu_period: 100000
cpu_shares: -1
memory_limit_in_bytes: -1
memory_and_swap_limit_in_bytes: -1
memory_soft_limit_in_bytes: -1
memory_usage_in_bytes: 4673732608
memory_max_usage_in_bytes: 4757553152

Steal ticks since vm start: 0
Steal ticks percentage since vm start:  0,000

CPU:total 4 (initial active 4) (4 cores per cpu, 1 threads per core) family 6 model 58 stepping 9 microcode 0x21, cmov, cx8, fxsr, mmx, sse, sse2, sse3, ssse3, sse4.1, sse4.2, popcnt, avx, aes, clmul, erms, tsc, tscinvbit, tscinv
CPU Model and flags from /proc/cpuinfo:
model name	: Intel(R) Core(TM) i5-3330 CPU @ 3.00GHz
flags		: fpu vme de pse tsc msr pae mce cx8 apic sep mtrr pge mca cmov pat pse36 clflush dts acpi mmx fxsr sse sse2 ss ht tm pbe syscall nx rdtscp lm constant_tsc arch_perfmon pebs bts rep_good nopl xtopology nonstop_tsc cpuid aperfmperf pni pclmulqdq dtes64 monitor ds_cpl est tm2 ssse3 cx16 xtpr pdcm pcid sse4_1 sse4_2 x2apic popcnt tsc_deadline_timer aes xsave avx f16c rdrand lahf_lm cpuid_fault epb pti ssbd ibrs ibpb stibp fsgsbase smep erms xsaveopt dtherm ida arat pln pts md_clear flush_l1d
Online cpus:
0-3
Offline cpus:

BIOS frequency limitation:
<Not Available>
Frequency switch latency (ns):
20000
Available cpu frequencies:
<Not Available>
Current governor:
ondemand
Core performance/turbo boost:
<Not Available>

Memory: 4k page, physical 8091984k(1310216k free), swap 2097148k(2097148k free)

vm_info: OpenJDK 64-Bit Server VM (11.0.13+8-Ubuntu-0ubuntu1.20.04) for linux-amd64 JRE (11.0.13+8-Ubuntu-0ubuntu1.20.04), built on Oct 29 2021 09:11:30 by "unknown" with gcc 9.3.0

END.
